<?xml version="1.0" encoding="UTF-8"?>
<!-- Generated by org.testng.reporters.JUnitXMLReporter -->
<testsuite ignored="0" hostname="DESKTOP-71MKPMJ" failures="0" tests="1" name="Test1" time="51.089" errors="0" timestamp="2023-01-27T18:21:31 IST">
  <testcase classname="genric.BaseClass" name="@BeforeMethod login" time="0.102">
    <failure type="java.io.FileNotFoundException" message="\Users\priyanka\eclipse-workspace\Inuvest\src\test\resources\data\commondata.property (The system cannot find the path specified)">
      <![CDATA[java.io.FileNotFoundException: \Users\priyanka\eclipse-workspace\Inuvest\src\test\resources\data\commondata.property (The system cannot find the path specified)
at java.base/java.io.FileInputStream.open0(Native Method)
at java.base/java.io.FileInputStream.open(FileInputStream.java:216)
at java.base/java.io.FileInputStream.<init>(FileInputStream.java:157)
at java.base/java.io.FileInputStream.<init>(FileInputStream.java:111)
at genric.FileLib.getPropertyData(FileLib.java:11)
at genric.BaseClass.login(BaseClass.java:43)
at java.base/java.util.ArrayList.forEach(ArrayList.java:1511)
... Removed 31 stack frames]]>
    </failure>
  </testcase> <!-- @BeforeMethod login -->
  <testcase classname="genric.BaseClass" name="@AfterMethod logout" time="-1.674823889426E9">
    <skipped/>
  </testcase> <!-- @AfterMethod logout -->
  <testcase classname="testscript.CustomerModule" name="testCreateCustomer" time="0.0">
    <skipped/>
  </testcase> <!-- testCreateCustomer -->
</testsuite> <!-- Test1 -->
